{"/home/edionay/GitHub/tdd-javascript/leapYear.js":{"path":"/home/edionay/GitHub/tdd-javascript/leapYear.js","s":{"1":1,"2":3,"3":1,"4":2},"b":{"1":[1,2],"2":[3,1,2]},"f":{"1":3},"fnMap":{"1":{"name":"leapYear","line":1,"loc":{"start":{"line":1,"column":17},"end":{"line":1,"column":41}}}},"statementMap":{"1":{"start":{"line":1,"column":0},"end":{"line":6,"column":2}},"2":{"start":{"line":2,"column":4},"end":{"line":4,"column":5}},"3":{"start":{"line":3,"column":8},"end":{"line":3,"column":20}},"4":{"start":{"line":5,"column":4},"end":{"line":5,"column":17}}},"branchMap":{"1":{"line":2,"type":"if","locations":[{"start":{"line":2,"column":4},"end":{"line":2,"column":4}},{"start":{"line":2,"column":4},"end":{"line":2,"column":4}}]},"2":{"line":2,"type":"binary-expr","locations":[{"start":{"line":2,"column":8},"end":{"line":2,"column":22}},{"start":{"line":2,"column":26},"end":{"line":2,"column":42}},{"start":{"line":2,"column":47},"end":{"line":2,"column":63}}]}}}}